IQ-TREE multicore version 2.2.2.6 COVID-edition for Linux 64-bit built May 27 2023
Developed by Bui Quang Minh, James Barbetti, Nguyen Lam Tung,
Olga Chernomor, Heiko Schmidt, Dominik Schrempf, Michael Woodhams, Ly Trong Nhan.

Host:    r11 (AVX2, FMA3, 503 GB RAM)
Command: iqtree2 -s UHM_mucor.ITS1.fasaln -nt AUTO
Seed:    870989 (Using SPRNG - Scalable Parallel Random Number Generator)
Time:    Sun Oct 15 20:41:32 2023
Kernel:  AVX+FMA - auto-detect threads (4 CPU cores detected)

Reading alignment file UHM_mucor.ITS1.fasaln ... Fasta format detected
Reading fasta file: done in 0.00304389 secs using 84.99% CPU
Alignment most likely contains DNA/RNA sequences
Constructing alignment: done in 0.00293899 secs using 344.2% CPU
WARNING: 42 sites contain only gaps or ambiguous characters.
Alignment has 89 sequences with 2980 columns, 593 distinct patterns
236 parsimony-informative, 655 singleton sites, 2089 constant sites
                                                   Gap/Ambiguity  Composition  p-value
Analyzing sequences: done in 5.00679e-05 secs using 69.91% CPU
   1  NR_126123.1_Mucor_janssenii|F|ITS1                  92.82%    failed      0.76%
   2  UHM42|F|ITS1                                        93.05%    passed      8.84%
   3  UHM51|F|ITS1                                        92.48%    passed      5.12%
   4  NR_135337.1_Aspergillus_glaucus|F|ITS1              94.87%    passed     11.67%
   5  NR_178158.1_Mucor_takensis|F|ITS1                   92.89%    failed      1.00%
   6  NR_111661.1_Mucor_endophyticus|F|ITS1               91.95%    failed      3.48%
   7  UHM52|F|ITS1                                        92.18%    passed     27.58%
   8  NR_103641.1_Mucor_zychae|F|ITS1                     92.32%    passed      7.34%
   9  NR_164218.1_Hyphomucor_assamensis|F|ITS1            92.08%    failed      0.10%
  10  NR_152958.1_Mucor_minutus|F|ITS1                    92.55%    failed      0.01%
  11  NR_175649.1_Mucor_harpali|F|ITS1                    92.79%    failed      2.78%
  12  NR_103646.1_Mucor_gigasporus|F|ITS1                 91.71%    failed      0.06%
  13  NR_103629.1_Mucor_mousanensis|F|ITS1                92.05%    failed      0.05%
  14  UHM39|F|ITS1                                        92.95%    passed      8.92%
  15  UHM36|F|ITS1                                        66.58%    failed      0.00%
  16  NR_103634.1_Mucor_aligarensis|F|ITS1                92.28%    failed      0.02%
  17  UHM50|F|ITS1                                        65.00%    failed      0.00%
  18  NR_178159.1_Mucor_phayaoensis|F|ITS1                93.02%    failed      0.81%
  19  NR_103642.1_Mucor_laxorrhizus|F|ITS1                92.55%    failed      4.78%
  20  NR_111682.1_Mucor_velutinosus|F|ITS1                92.79%    failed      1.78%
  21  NR_126135.1_Mucor_racemosus|F|ITS1                  92.79%    failed      0.07%
  22  UHM49|F|ITS1                                        66.71%    failed      0.02%
  23  UHM45|F|ITS1                                        93.15%    passed      8.00%
  24  NR_103647.1_Mucor_falcatus|F|ITS1                   93.39%    failed      0.85%
  25  UHM53|F|ITS1                                        93.02%    failed      3.45%
  26  NR_152948.1_Mucor_hiemalis|F|ITS1                   92.18%    failed      0.47%
  27  NR_187100.1_Mucor_ascheae|F|ITS1                    92.01%    passed     48.23%
  28  NR_182579.1_Mucor_kunryangriensis|F|ITS1            92.58%    failed      0.28%
  29  NR_103628.1_Mucor_bainieri|F|ITS1                   92.79%    failed      0.51%
  30  NR_145286.1_Mucor_megalocarpus|F|ITS1               91.71%    failed      0.40%
  31  NR_165210.1_Mucor_souzae|F|ITS1                     91.81%    passed      9.80%
  32  NR_152960.1_Mucor_ardhlaengiktus|F|ITS1             92.99%    failed      0.00%
  33  NR_103636.1_Mucor_guilliermondii|F|ITS1             92.25%    failed      4.99%
  34  NR_145292.1_Backusella_oblongielliptica|F|ITS1      90.23%    passed     66.64%
  35  NR_145291.1_Backusella_lamprospora|F|ITS1           89.26%    failed      0.01%
  36  NR_103627.1_Mucor_ramosissimus|F|ITS1               92.79%    failed      2.37%
  37  NR_111660.1_Mucor_fusiformis|F|ITS1                 92.21%    failed      4.83%
  38  NR_145285.1_Mucor_bacilliformis|F|ITS1              92.85%    failed      2.28%
  39  NR_111662.1_Mucor_multiplex|F|ITS1                  91.48%    failed      0.05%
  40  NR_169895.1_Mucor_atramentarius|F|ITS1              92.79%    failed      0.75%
  41  NR_168144.1_Mucor_ctenidius|F|ITS1                  92.79%    failed      1.22%
  42  UHM38|F|ITS1                                        92.68%    passed     36.07%
  43  NR_103639.1_Mucor_azygosporus|F|ITS1                93.19%    failed      0.76%
  44  UHM44|F|ITS1                                        81.78%    passed      8.61%
  45  NR_185548.1_Mucor_chuxiongensis|F|ITS1              92.11%    passed     67.08%
  46  NR_120224.1_Mucor_luteus|F|ITS1                     92.32%    passed     26.96%
  47  NR_126136.1_Mucor_griseocyanus|F|ITS1               92.79%    failed      1.14%
  48  NR_103630.1_Mucor_piriformis|F|ITS1                 91.34%    failed      1.57%
  49  NR_178161.1_Mucor_aseptatophorus|F|ITS1             93.05%    failed      2.26%
  50  NR_152959.1_Mucor_moelleri|F|ITS1                   92.62%    failed      3.51%
  51  NR_126116.1_Mucor_circinelloides|F|ITS1             93.02%    passed      9.07%
  52  NR_168167.1_Mucor_pseudolusitanicus|F|ITS1          92.79%    failed      0.70%
  53  NR_111462.1_Rhizomucor_pusillus|F|ITS1              93.46%    passed     22.50%
  54  NR_152977.1_Mucor_rudolphii|F|ITS1                  92.92%    failed      0.28%
  55  UHM46|F|ITS1                                        93.22%    failed      0.06%
  56  NR_164370.1_Rhizomucor_miehei|F|ITS1                93.36%    passed      7.96%
  57  NR_103633.1_Mucor_flavus|F|ITS1                     91.91%    failed      0.04%
  58  NR_178162.1_Mucor_chiangraiensis|F|ITS1             93.12%    failed      1.41%
  59  UHM48|F|ITS1                                        75.60%    failed      0.02%
  60  UHM43|F|ITS1                                        93.15%    passed      8.00%
  61  NR_103615.1_Mucor_amphibiorum|F|ITS1                92.99%    failed      0.12%
  62  NR_111683.1_Mucor_ellipsoideus|F|ITS1               93.22%    failed      0.00%
  63  NR_145287.1_Mucor_odoratus|F|ITS1                   92.62%    failed      1.94%
  64  NR_077173.1_Mucor_indicus|F|ITS1                    93.15%    failed      0.68%
  65  NR_126127.1_Mucor_lusitanicus|F|ITS1                92.38%    passed      5.68%
  66  NR_152951.1_Mucor_variisporus|F|ITS1                93.22%    failed      0.01%
  67  NR_103631.1_Mucor_strictus|F|ITS1                   92.21%    passed      9.11%
  68  NR_103638.1_Mucor_zonatus|F|ITS1                    92.68%    failed      0.73%
  69  NR_145290.1_Backusella_indica|F|ITS1                90.20%    failed      0.33%
  70  NR_103688.1_Mucor_mucedo|F|ITS1                     92.32%    failed      0.46%
  71  NR_169896.1_Mucor_pseudocircinelloides|F|ITS1       92.85%    failed      1.51%
  72  NR_169897.1_Mucor_amethystinus|F|ITS1               92.65%    failed      1.56%
  73  NR_164587.1_Mucor_orantomantidis|F|ITS1             93.49%    passed     50.70%
  74  NR_111413.1_Lichtheimia_corymbifera|F|ITS1          91.07%    passed     32.94%
  75  NR_111663.1_Thermomucor_indicae-seudaticae|F|ITS1   88.72%    failed      0.02%
  76  NR_103632.1_Mucor_genevensis|F|ITS1                 92.18%    failed      0.50%
  77  NR_152978.1_Mucor_lilianae|F|ITS1                   92.95%    failed      0.35%
  78  NR_111438.1_Lichtheimia_ramosa|F|ITS1               88.26%    passed     68.43%
  79  NR_172288.1_Mucor_irregularis|F|ITS1                93.02%    failed      1.00%
  80  NR_182577.1_Mucor_grylli|F|ITS1                     92.38%    failed      0.00%
  81  NR_111659.1_Mucor_moelleri|F|ITS1                   92.62%    failed      3.51%
  82  NR_145295.1_Mucor_durus|F|ITS1                      93.19%    failed      2.63%
  83  NR_182578.1_Mucor_hyangburmii|F|ITS1                92.89%    passed     14.54%
  84  NR_152956.1_Mucor_lanceolatus|F|ITS1                92.99%    failed      1.30%
  85  UHM55|F|ITS1                                        93.02%    failed      0.88%
  86  UHM47|F|ITS1                                        68.52%    failed      0.53%
  87  NR_103635.1_Mucor_saturninus|F|ITS1                 91.54%    failed      0.00%
  88  NR_145283.1_Mucor_brunneogriseus|F|ITS1             93.02%    failed      0.15%
  89  NR_103648.1_Backusella_grandis|F|ITS1               89.26%    failed      1.17%
WARNING: 89 sequences contain more than 50% gaps/ambiguity
****  TOTAL                                               90.95%  65 sequences failed composition chi2 test (p-value<5%; df=3)
NOTE: UHM43|F|ITS1 is identical to UHM45|F|ITS1 but kept for subsequent analysis
NOTE: NR_111659.1_Mucor_moelleri|F|ITS1 is identical to NR_152959.1_Mucor_moelleri|F|ITS1 but kept for subsequent analysis
Checking for duplicate sequences: done in 0.000222921 secs using 289.8% CPU


Create initial parsimony tree by phylogenetic likelihood library (PLL)... 0.008 seconds
Measuring multi-threading efficiency up to 4 CPU cores
Increase to 10 rounds for branch lengths
70 trees examined
Threads: 1 / Time: 4.001 sec / Speedup: 1.000 / Efficiency: 100% / LogL: -17502
Threads: 2 / Time: 2.903 sec / Speedup: 1.378 / Efficiency: 69% / LogL: -17502
Threads: 3 / Time: 2.938 sec / Speedup: 1.362 / Efficiency: 45% / LogL: -17502
Determining AUTO threadcount: done in 9.84229 secs using 194.3% CPU
BEST NUMBER OF THREADS: 2

Perform fast likelihood tree search using GTR+I+G model...
Estimate model parameters (epsilon = 5.000)
Perform nearest neighbor interchange...
Optimizing NNI: done in 0.0687649 secs using 199.9% CPU
Estimate model parameters (epsilon = 1.000)
1. Initial log-likelihood: -14145.233
2. Current log-likelihood: -14141.588
3. Current log-likelihood: -14138.551
4. Current log-likelihood: -14135.990
5. Current log-likelihood: -14133.822
6. Current log-likelihood: -14131.978
7. Current log-likelihood: -14130.399
8. Current log-likelihood: -14129.046
9. Current log-likelihood: -14127.882
10. Current log-likelihood: -14126.878
Optimal log-likelihood: -14126.003
Rate parameters:  A-C: 0.95343  A-G: 2.59814  A-T: 2.02310  C-G: 1.22869  C-T: 3.09122  G-T: 1.00000
Base frequencies:  A: 0.284  C: 0.202  G: 0.210  T: 0.304
Proportion of invariable sites: 0.031
Gamma shape alpha: 0.860
Parameters optimization took 10 rounds (0.147 sec)
Time for fast ML tree search: 0.481 seconds

NOTE: ModelFinder requires 17 MB RAM!
ModelFinder will test up to 484 DNA models (sample size: 2980) ...
 No. Model         -LnL         df  AIC          AICc         BIC
  1  GTR+F         14607.106    183 29580.213    29604.298    30678.154
  2  GTR+F+I       14594.974    184 29557.947    29582.305    30661.888
  3  GTR+F+G4      14119.828    184 28607.655    28632.013    29711.596
  4  GTR+F+I+G4    14120.703    185 28611.406    28636.037    29721.346
  5  GTR+F+R2      14163.762    185 28697.525    28722.156    29807.465
  6  GTR+F+R3      14124.838    187 28623.675    28648.859    29745.615
  7  GTR+F+R4      14107.836    189 28593.672    28619.414    29727.612
  8  GTR+F+R5      14106.717    191 28595.434    28621.741    29741.372
 14  GTR+F+I+R2    14162.345    186 28696.689    28721.596    29812.630
 15  GTR+F+I+R3    14123.535    188 28623.071    28648.532    29751.010
 16  GTR+F+I+R4    14109.385    190 28598.769    28624.793    29738.708
 17  GTR+F+I+R5    14107.405    192 28598.810    28625.402    29750.748
 25  SYM+G4        14200.876    181 28763.752    28787.299    29849.694
 26  SYM+I+G4      14201.905    182 28767.809    28791.625    29859.751
 47  TVM+F+G4      14121.784    183 28609.568    28633.654    29707.509
 48  TVM+F+I+G4    14122.619    184 28613.239    28637.597    29717.180
 69  TVMe+G4       14201.872    180 28763.744    28787.024    29843.686
 70  TVMe+I+G4     14202.923    181 28767.846    28791.393    29853.788
 91  TIM3+F+G4     14141.568    182 28647.137    28670.953    29739.078
 92  TIM3+F+I+G4   14142.306    183 28650.611    28674.697    29748.552
113  TIM3e+G4      14251.095    179 28860.189    28883.204    29934.132
114  TIM3e+I+G4    14252.050    180 28864.100    28887.379    29944.042
135  TIM2+F+G4     14139.325    182 28642.651    28666.466    29734.592
136  TIM2+F+I+G4   14140.235    183 28646.469    28670.555    29744.410
157  TIM2e+G4      14248.257    179 28854.514    28877.528    29928.456
158  TIM2e+I+G4    14249.323    180 28858.646    28881.926    29938.588
179  TIM+F+G4      14128.023    182 28620.047    28643.862    29711.988
180  TIM+F+I+G4    14128.857    183 28623.713    28647.799    29721.655
201  TIMe+G4       14247.317    179 28852.634    28875.649    29926.577
202  TIMe+I+G4     14248.215    180 28856.430    28879.709    29936.372
223  TPM3u+F+G4    14143.611    181 28649.223    28672.770    29735.165
224  TPM3u+F+I+G4  14144.267    182 28652.534    28676.349    29744.475
245  TPM3+G4       14252.707    178 28861.415    28884.165    29929.357
246  TPM3+I+G4     14253.655    179 28865.311    28888.325    29939.253
267  TPM2u+F+G4    14140.895    181 28643.791    28667.338    29729.733
268  TPM2u+F+I+G4  14141.763    182 28647.525    28671.341    29739.467
289  TPM2+G4       14248.570    178 28853.141    28875.891    29921.084
290  TPM2+I+G4     14249.643    179 28857.287    28880.301    29931.229
311  K3Pu+F+G4     14129.977    181 28621.955    28645.501    29707.896
312  K3Pu+F+I+G4   14130.737    182 28625.475    28649.291    29717.416
333  K3P+G4        14248.274    178 28852.548    28875.298    29920.490
334  K3P+I+G4      14249.159    179 28856.318    28879.332    29930.260
355  TN+F+G4       14150.643    181 28663.287    28686.834    29749.229
356  TN+F+I+G4     14151.336    182 28666.672    28690.488    29758.614
377  TNe+G4        14285.739    178 28927.478    28950.229    29995.421
378  TNe+I+G4      14286.544    179 28931.088    28954.102    30005.030
399  HKY+F+G4      14152.484    180 28664.968    28688.247    29744.910
400  HKY+F+I+G4    14153.096    181 28668.191    28691.738    29754.133
421  K2P+G4        14286.547    177 28927.093    28949.581    29989.036
422  K2P+I+G4      14287.370    178 28930.740    28953.490    29998.683
443  F81+F+G4      14236.729    179 28831.458    28854.472    29905.400
444  F81+F+I+G4    14237.349    180 28834.697    28857.977    29914.640
465  JC+G4         14352.221    176 29056.442    29078.670    30112.385
466  JC+I+G4       14353.027    177 29060.054    29082.542    30121.997
Akaike Information Criterion:           GTR+F+R4
Corrected Akaike Information Criterion: GTR+F+R4
Bayesian Information Criterion:         TVM+F+G4
Best-fit model: TVM+F+G4 chosen according to BIC

All model information printed to UHM_mucor.ITS1.fasaln.model.gz
CPU time for ModelFinder: 42.803 seconds (0h:0m:42s)
Wall-clock time for ModelFinder: 21.612 seconds (0h:0m:21s)

NOTE: 6 MB RAM (0 GB) is required!
Estimate model parameters (epsilon = 0.100)
1. Initial log-likelihood: -14121.784
Optimal log-likelihood: -14121.763
Rate parameters:  A-C: 0.95744  A-G: 2.80407  A-T: 1.99873  C-G: 1.20164  C-T: 2.80407  G-T: 1.00000
Base frequencies:  A: 0.284  C: 0.202  G: 0.210  T: 0.304
Gamma shape alpha: 0.851
Parameters optimization took 1 rounds (0.016 sec)
Wrote distance file to... 
Computing ML distances based on estimated model parameters...
Calculating distance matrix: done in 0.0115669 secs using 199.9% CPU
Computing ML distances took 0.011696 sec (of wall-clock time) 0.023297 sec (of CPU time)
WARNING: Some pairwise ML distances are too long (saturated)
Setting up auxiliary I and S matrices: done in 0.000135899 secs
Constructing RapidNJ tree: done in 0.000643015 secs using 39.5% CPU
Computing RapidNJ tree took 0.000814 sec (of wall-clock time) 0.000902 sec (of CPU time)
Log-likelihood of RapidNJ tree: -14165.473
--------------------------------------------------------------------
|             INITIALIZING CANDIDATE TREE SET                      |
--------------------------------------------------------------------
Generating 98 parsimony trees... 0.736 second
Computing log-likelihood of 98 initial trees ... 0.573 seconds
Current best score: -14121.763

Do NNI search on 20 best initial trees
Optimizing NNI: done in 0.020844 secs using 196% CPU
Estimate model parameters (epsilon = 0.100)
BETTER TREE FOUND at iteration 1: -14121.561
Optimizing NNI: done in 0.099185 secs using 198.6% CPU
Estimate model parameters (epsilon = 0.100)
BETTER TREE FOUND at iteration 2: -14120.807
Optimizing NNI: done in 0.120488 secs using 199.3% CPU
Estimate model parameters (epsilon = 0.100)
BETTER TREE FOUND at iteration 3: -14097.949
Optimizing NNI: done in 0.149507 secs using 199.2% CPU
Estimate model parameters (epsilon = 0.100)
BETTER TREE FOUND at iteration 4: -14090.084
Optimizing NNI: done in 0.156341 secs using 198.4% CPU
Optimizing NNI: done in 0.144346 secs using 199.4% CPU
Optimizing NNI: done in 0.145513 secs using 199.2% CPU
Optimizing NNI: done in 0.153347 secs using 197.3% CPU
Optimizing NNI: done in 0.159474 secs using 199.6% CPU
Estimate model parameters (epsilon = 0.100)
BETTER TREE FOUND at iteration 9: -14087.133
Optimizing NNI: done in 0.148704 secs using 199.8% CPU
Iteration 10 / LogL: -14098.501 / Time: 0h:0m:2s
Optimizing NNI: done in 0.143526 secs using 199% CPU
Estimate model parameters (epsilon = 0.100)
BETTER TREE FOUND at iteration 11: -14086.107
Optimizing NNI: done in 0.165759 secs using 199.6% CPU
Optimizing NNI: done in 0.152696 secs using 199.1% CPU
Optimizing NNI: done in 0.152549 secs using 199.2% CPU
Optimizing NNI: done in 0.167472 secs using 196.1% CPU
Optimizing NNI: done in 0.127384 secs using 199% CPU
Optimizing NNI: done in 0.140134 secs using 198.8% CPU
Optimizing NNI: done in 0.157398 secs using 195.7% CPU
Optimizing NNI: done in 0.133546 secs using 199.9% CPU
Optimizing NNI: done in 0.139415 secs using 199.3% CPU
Iteration 20 / LogL: -14098.782 / Time: 0h:0m:4s
Finish initializing candidate tree set (20)
Current best tree score: -14086.107 / CPU time: 4.323
Number of iterations: 20
--------------------------------------------------------------------
|               OPTIMIZING CANDIDATE TREE SET                      |
--------------------------------------------------------------------
Optimizing NNI: done in 0.113096 secs using 199.5% CPU
Optimizing NNI: done in 0.0919931 secs using 199.6% CPU
Optimizing NNI: done in 0.0939941 secs using 199.5% CPU
Optimizing NNI: done in 0.0937011 secs using 198.8% CPU
Optimizing NNI: done in 0.0867031 secs using 199.1% CPU
Optimizing NNI: done in 0.118508 secs using 198.9% CPU
Estimate model parameters (epsilon = 0.100)
BETTER TREE FOUND at iteration 26: -14083.312
Optimizing NNI: done in 0.095839 secs using 199% CPU
Optimizing NNI: done in 0.0978608 secs using 199.3% CPU
Optimizing NNI: done in 0.126183 secs using 199.2% CPU
Estimate model parameters (epsilon = 0.100)
BETTER TREE FOUND at iteration 29: -14082.808
Optimizing NNI: done in 0.117452 secs using 199.3% CPU
Iteration 30 / LogL: -14096.519 / Time: 0h:0m:5s (0h:0m:19s left)
Optimizing NNI: done in 0.124457 secs using 199% CPU
Optimizing NNI: done in 0.145588 secs using 199.4% CPU
Optimizing NNI: done in 0.090265 secs using 199.2% CPU
Optimizing NNI: done in 0.110352 secs using 199% CPU
Optimizing NNI: done in 0.105725 secs using 199.3% CPU
Optimizing NNI: done in 0.111706 secs using 199.2% CPU
Optimizing NNI: done in 0.0835891 secs using 198.9% CPU
Optimizing NNI: done in 0.117762 secs using 199.8% CPU
Optimizing NNI: done in 0.0994499 secs using 199.1% CPU
Estimate model parameters (epsilon = 0.100)
BETTER TREE FOUND at iteration 39: -14081.261
Optimizing NNI: done in 0.120655 secs using 198.6% CPU
Estimate model parameters (epsilon = 0.100)
BETTER TREE FOUND at iteration 40: -14080.414
Iteration 40 / LogL: -14080.414 / Time: 0h:0m:6s (0h:0m:17s left)
Optimizing NNI: done in 0.099102 secs using 199.6% CPU
Optimizing NNI: done in 0.104949 secs using 198.8% CPU
Optimizing NNI: done in 0.106678 secs using 199.2% CPU
Optimizing NNI: done in 0.0933962 secs using 199.1% CPU
Optimizing NNI: done in 0.08778 secs using 197.6% CPU
Optimizing NNI: done in 0.107604 secs using 199.5% CPU
Optimizing NNI: done in 0.115359 secs using 199.3% CPU
Optimizing NNI: done in 0.118769 secs using 199.8% CPU
Estimate model parameters (epsilon = 0.100)
BETTER TREE FOUND at iteration 48: -14079.934
Optimizing NNI: done in 0.092757 secs using 199.2% CPU
Optimizing NNI: done in 0.106167 secs using 196.2% CPU
Iteration 50 / LogL: -14084.221 / Time: 0h:0m:7s (0h:0m:15s left)
Optimizing NNI: done in 0.112902 secs using 199.3% CPU
Optimizing NNI: done in 0.10172 secs using 198.6% CPU
Optimizing NNI: done in 0.10601 secs using 198.9% CPU
Optimizing NNI: done in 0.11867 secs using 196.4% CPU
Optimizing NNI: done in 0.0758982 secs using 199.4% CPU
Optimizing NNI: done in 0.085052 secs using 199.4% CPU
Optimizing NNI: done in 0.119864 secs using 199.6% CPU
Estimate model parameters (epsilon = 0.100)
BETTER TREE FOUND at iteration 57: -14078.185
Optimizing NNI: done in 0.109327 secs using 200.2% CPU
Optimizing NNI: done in 0.091871 secs using 192.8% CPU
Optimizing NNI: done in 0.094995 secs using 198.7% CPU
Iteration 60 / LogL: -14092.155 / Time: 0h:0m:8s (0h:0m:14s left)
Optimizing NNI: done in 0.145431 secs using 199.5% CPU
Optimizing NNI: done in 0.0930669 secs using 199.5% CPU
Optimizing NNI: done in 0.0994592 secs using 199.1% CPU
Optimizing NNI: done in 0.102602 secs using 200% CPU
Optimizing NNI: done in 0.146452 secs using 199.3% CPU
Optimizing NNI: done in 0.135188 secs using 198.5% CPU
Optimizing NNI: done in 0.0889418 secs using 199.6% CPU
Optimizing NNI: done in 0.0850539 secs using 199.5% CPU
Optimizing NNI: done in 0.0901341 secs using 199.4% CPU
Optimizing NNI: done in 0.121343 secs using 199.3% CPU
Iteration 70 / LogL: -14088.423 / Time: 0h:0m:10s (0h:0m:12s left)
Optimizing NNI: done in 0.11294 secs using 198.5% CPU
Optimizing NNI: done in 0.108215 secs using 199.3% CPU
Estimate model parameters (epsilon = 0.100)
BETTER TREE FOUND at iteration 72: -14073.883
Optimizing NNI: done in 0.0921011 secs using 199.5% CPU
Optimizing NNI: done in 0.0889189 secs using 198.6% CPU
Optimizing NNI: done in 0.0981119 secs using 199.4% CPU
Optimizing NNI: done in 0.207242 secs using 199.9% CPU
Optimizing NNI: done in 0.0868061 secs using 199.8% CPU
Optimizing NNI: done in 0.116825 secs using 199.7% CPU
Optimizing NNI: done in 0.1039 secs using 199.7% CPU
Optimizing NNI: done in 0.172619 secs using 199.2% CPU
Iteration 80 / LogL: -14075.191 / Time: 0h:0m:11s (0h:0m:13s left)
Optimizing NNI: done in 0.0989981 secs using 198.8% CPU
Optimizing NNI: done in 0.122276 secs using 199.6% CPU
Optimizing NNI: done in 0.0906129 secs using 198.9% CPU
Optimizing NNI: done in 0.15452 secs using 199.8% CPU
Optimizing NNI: done in 0.102934 secs using 198.6% CPU
Estimate model parameters (epsilon = 0.100)
BETTER TREE FOUND at iteration 85: -14073.486
Optimizing NNI: done in 0.123071 secs using 199.3% CPU
Estimate model parameters (epsilon = 0.100)
BETTER TREE FOUND at iteration 86: -14073.088
Optimizing NNI: done in 0.131616 secs using 199.2% CPU
Optimizing NNI: done in 0.0982139 secs using 199% CPU
Optimizing NNI: done in 0.11904 secs using 199.6% CPU
Optimizing NNI: done in 0.129937 secs using 199.4% CPU
Iteration 90 / LogL: -14075.120 / Time: 0h:0m:12s (0h:0m:13s left)
Optimizing NNI: done in 0.122947 secs using 199.4% CPU
Optimizing NNI: done in 0.115908 secs using 199.6% CPU
Optimizing NNI: done in 0.121556 secs using 199.1% CPU
Optimizing NNI: done in 0.124971 secs using 199.6% CPU
Optimizing NNI: done in 0.117623 secs using 199.9% CPU
Optimizing NNI: done in 0.118364 secs using 199.3% CPU
Estimate model parameters (epsilon = 0.100)
BETTER TREE FOUND at iteration 96: -14072.756
Optimizing NNI: done in 0.0876269 secs using 198.8% CPU
Optimizing NNI: done in 0.104171 secs using 199.4% CPU
Optimizing NNI: done in 0.0933599 secs using 199.2% CPU
Optimizing NNI: done in 0.13442 secs using 199.9% CPU
Iteration 100 / LogL: -14073.542 / Time: 0h:0m:13s (0h:0m:13s left)
Optimizing NNI: done in 0.104594 secs using 199% CPU
Optimizing NNI: done in 0.0911701 secs using 199.3% CPU
Optimizing NNI: done in 0.09901 secs using 199.3% CPU
Optimizing NNI: done in 0.138098 secs using 199.6% CPU
Optimizing NNI: done in 0.115106 secs using 199.5% CPU
Optimizing NNI: done in 0.14902 secs using 199.5% CPU
Optimizing NNI: done in 0.132702 secs using 199.2% CPU
Optimizing NNI: done in 0.099685 secs using 199.9% CPU
Optimizing NNI: done in 0.142033 secs using 199.5% CPU
Optimizing NNI: done in 0.11698 secs using 199.6% CPU
Iteration 110 / LogL: -14081.821 / Time: 0h:0m:14s (0h:0m:11s left)
Optimizing NNI: done in 0.122796 secs using 199.1% CPU
Optimizing NNI: done in 0.130055 secs using 199.5% CPU
Optimizing NNI: done in 0.109756 secs using 199.2% CPU
Optimizing NNI: done in 0.101353 secs using 199% CPU
Optimizing NNI: done in 0.0930769 secs using 199.5% CPU
Optimizing NNI: done in 0.105236 secs using 199.4% CPU
Estimate model parameters (epsilon = 0.100)
BETTER TREE FOUND at iteration 116: -14071.146
Optimizing NNI: done in 0.142925 secs using 199.3% CPU
Optimizing NNI: done in 0.116791 secs using 199.6% CPU
Optimizing NNI: done in 0.122079 secs using 199.5% CPU
Optimizing NNI: done in 0.125527 secs using 199% CPU
Iteration 120 / LogL: -14079.677 / Time: 0h:0m:16s (0h:0m:12s left)
Optimizing NNI: done in 0.12158 secs using 199.6% CPU
Estimate model parameters (epsilon = 0.100)
BETTER TREE FOUND at iteration 121: -14070.830
Optimizing NNI: done in 0.133058 secs using 199.4% CPU
Optimizing NNI: done in 0.125388 secs using 199.3% CPU
Optimizing NNI: done in 0.118942 secs using 199.5% CPU
Optimizing NNI: done in 0.137077 secs using 199.5% CPU
Optimizing NNI: done in 0.11353 secs using 199.1% CPU
Optimizing NNI: done in 0.100591 secs using 199% CPU
Optimizing NNI: done in 0.100143 secs using 199.5% CPU
Optimizing NNI: done in 0.131012 secs using 199.5% CPU
Optimizing NNI: done in 0.106447 secs using 200.1% CPU
Iteration 130 / LogL: -14078.460 / Time: 0h:0m:17s (0h:0m:12s left)
Optimizing NNI: done in 0.120391 secs using 199.1% CPU
Optimizing NNI: done in 0.111641 secs using 199.6% CPU
Optimizing NNI: done in 0.118866 secs using 198% CPU
Optimizing NNI: done in 0.0970919 secs using 199.5% CPU
Optimizing NNI: done in 0.123033 secs using 199.6% CPU
Optimizing NNI: done in 0.091198 secs using 199% CPU
Optimizing NNI: done in 0.124835 secs using 199.7% CPU
Optimizing NNI: done in 0.127288 secs using 199.2% CPU
Optimizing NNI: done in 0.109883 secs using 199.7% CPU
BETTER TREE FOUND at iteration 139: -14070.830
Optimizing NNI: done in 0.0952508 secs using 199.3% CPU
Iteration 140 / LogL: -14071.054 / Time: 0h:0m:18s (0h:0m:13s left)
Optimizing NNI: done in 0.130289 secs using 199.4% CPU
Optimizing NNI: done in 0.126325 secs using 199.3% CPU
Optimizing NNI: done in 0.126162 secs using 199.5% CPU
Optimizing NNI: done in 0.113732 secs using 199.7% CPU
Optimizing NNI: done in 0.126294 secs using 199.4% CPU
Optimizing NNI: done in 0.109393 secs using 199.3% CPU
Optimizing NNI: done in 0.118638 secs using 199.9% CPU
Optimizing NNI: done in 0.104853 secs using 199.7% CPU
Optimizing NNI: done in 0.165262 secs using 199.3% CPU
Optimizing NNI: done in 0.129466 secs using 199.2% CPU
Iteration 150 / LogL: -14070.979 / Time: 0h:0m:19s (0h:0m:11s left)
Optimizing NNI: done in 0.157465 secs using 199.7% CPU
Optimizing NNI: done in 0.194319 secs using 197.2% CPU
Optimizing NNI: done in 0.142688 secs using 199.8% CPU

******************************************************
CHECKPOINT: Resuming analysis from UHM_mucor.ITS1.fasaln.ckp.gz

IQ-TREE multicore version 2.2.2.6 COVID-edition for Linux 64-bit built May 27 2023
Developed by Bui Quang Minh, James Barbetti, Nguyen Lam Tung,
Olga Chernomor, Heiko Schmidt, Dominik Schrempf, Michael Woodhams, Ly Trong Nhan.

Host:    r11 (AVX2, FMA3, 503 GB RAM)
Command: iqtree2 -s UHM_mucor.ITS1.fasaln -nt AUTO -B 1000 --alrt 1000
Seed:    179085 (Using SPRNG - Scalable Parallel Random Number Generator)
Time:    Sun Oct 15 20:42:50 2023
Kernel:  AVX+FMA - auto-detect threads (4 CPU cores detected)

WARNING: Number of command-line arguments differs from checkpoint
WARNING: Command-line differs from checkpoint!
Reading alignment file UHM_mucor.ITS1.fasaln ... Fasta format detected
Reading fasta file: done in 0.00302792 secs using 94.75% CPU
Alignment most likely contains DNA/RNA sequences
Constructing alignment: done in 0.00282598 secs using 330.9% CPU
WARNING: 42 sites contain only gaps or ambiguous characters.
Alignment has 89 sequences with 2980 columns, 593 distinct patterns
236 parsimony-informative, 655 singleton sites, 2089 constant sites
                                                   Gap/Ambiguity  Composition  p-value
Analyzing sequences: done in 4.50611e-05 secs using 99.86% CPU
   1  NR_126123.1_Mucor_janssenii|F|ITS1                  92.82%    failed      0.76%
   2  UHM42|F|ITS1                                        93.05%    passed      8.84%
   3  UHM51|F|ITS1                                        92.48%    passed      5.12%
   4  NR_135337.1_Aspergillus_glaucus|F|ITS1              94.87%    passed     11.67%
   5  NR_178158.1_Mucor_takensis|F|ITS1                   92.89%    failed      1.00%
   6  NR_111661.1_Mucor_endophyticus|F|ITS1               91.95%    failed      3.48%
   7  UHM52|F|ITS1                                        92.18%    passed     27.58%
   8  NR_103641.1_Mucor_zychae|F|ITS1                     92.32%    passed      7.34%
   9  NR_164218.1_Hyphomucor_assamensis|F|ITS1            92.08%    failed      0.10%
  10  NR_152958.1_Mucor_minutus|F|ITS1                    92.55%    failed      0.01%
  11  NR_175649.1_Mucor_harpali|F|ITS1                    92.79%    failed      2.78%
  12  NR_103646.1_Mucor_gigasporus|F|ITS1                 91.71%    failed      0.06%
  13  NR_103629.1_Mucor_mousanensis|F|ITS1                92.05%    failed      0.05%
  14  UHM39|F|ITS1                                        92.95%    passed      8.92%
  15  UHM36|F|ITS1                                        66.58%    failed      0.00%
  16  NR_103634.1_Mucor_aligarensis|F|ITS1                92.28%    failed      0.02%
  17  UHM50|F|ITS1                                        65.00%    failed      0.00%
  18  NR_178159.1_Mucor_phayaoensis|F|ITS1                93.02%    failed      0.81%
  19  NR_103642.1_Mucor_laxorrhizus|F|ITS1                92.55%    failed      4.78%
  20  NR_111682.1_Mucor_velutinosus|F|ITS1                92.79%    failed      1.78%
  21  NR_126135.1_Mucor_racemosus|F|ITS1                  92.79%    failed      0.07%
  22  UHM49|F|ITS1                                        66.71%    failed      0.02%
  23  UHM45|F|ITS1                                        93.15%    passed      8.00%
  24  NR_103647.1_Mucor_falcatus|F|ITS1                   93.39%    failed      0.85%
  25  UHM53|F|ITS1                                        93.02%    failed      3.45%
  26  NR_152948.1_Mucor_hiemalis|F|ITS1                   92.18%    failed      0.47%
  27  NR_187100.1_Mucor_ascheae|F|ITS1                    92.01%    passed     48.23%
  28  NR_182579.1_Mucor_kunryangriensis|F|ITS1            92.58%    failed      0.28%
  29  NR_103628.1_Mucor_bainieri|F|ITS1                   92.79%    failed      0.51%
  30  NR_145286.1_Mucor_megalocarpus|F|ITS1               91.71%    failed      0.40%
  31  NR_165210.1_Mucor_souzae|F|ITS1                     91.81%    passed      9.80%
  32  NR_152960.1_Mucor_ardhlaengiktus|F|ITS1             92.99%    failed      0.00%
  33  NR_103636.1_Mucor_guilliermondii|F|ITS1             92.25%    failed      4.99%
  34  NR_145292.1_Backusella_oblongielliptica|F|ITS1      90.23%    passed     66.64%
  35  NR_145291.1_Backusella_lamprospora|F|ITS1           89.26%    failed      0.01%
  36  NR_103627.1_Mucor_ramosissimus|F|ITS1               92.79%    failed      2.37%
  37  NR_111660.1_Mucor_fusiformis|F|ITS1                 92.21%    failed      4.83%
  38  NR_145285.1_Mucor_bacilliformis|F|ITS1              92.85%    failed      2.28%
  39  NR_111662.1_Mucor_multiplex|F|ITS1                  91.48%    failed      0.05%
  40  NR_169895.1_Mucor_atramentarius|F|ITS1              92.79%    failed      0.75%
  41  NR_168144.1_Mucor_ctenidius|F|ITS1                  92.79%    failed      1.22%
  42  UHM38|F|ITS1                                        92.68%    passed     36.07%
  43  NR_103639.1_Mucor_azygosporus|F|ITS1                93.19%    failed      0.76%
  44  UHM44|F|ITS1                                        81.78%    passed      8.61%
  45  NR_185548.1_Mucor_chuxiongensis|F|ITS1              92.11%    passed     67.08%
  46  NR_120224.1_Mucor_luteus|F|ITS1                     92.32%    passed     26.96%
  47  NR_126136.1_Mucor_griseocyanus|F|ITS1               92.79%    failed      1.14%
  48  NR_103630.1_Mucor_piriformis|F|ITS1                 91.34%    failed      1.57%
  49  NR_178161.1_Mucor_aseptatophorus|F|ITS1             93.05%    failed      2.26%
  50  NR_152959.1_Mucor_moelleri|F|ITS1                   92.62%    failed      3.51%
  51  NR_126116.1_Mucor_circinelloides|F|ITS1             93.02%    passed      9.07%
  52  NR_168167.1_Mucor_pseudolusitanicus|F|ITS1          92.79%    failed      0.70%
  53  NR_111462.1_Rhizomucor_pusillus|F|ITS1              93.46%    passed     22.50%
  54  NR_152977.1_Mucor_rudolphii|F|ITS1                  92.92%    failed      0.28%
  55  UHM46|F|ITS1                                        93.22%    failed      0.06%
  56  NR_164370.1_Rhizomucor_miehei|F|ITS1                93.36%    passed      7.96%
  57  NR_103633.1_Mucor_flavus|F|ITS1                     91.91%    failed      0.04%
  58  NR_178162.1_Mucor_chiangraiensis|F|ITS1             93.12%    failed      1.41%
  59  UHM48|F|ITS1                                        75.60%    failed      0.02%
  60  UHM43|F|ITS1                                        93.15%    passed      8.00%
  61  NR_103615.1_Mucor_amphibiorum|F|ITS1                92.99%    failed      0.12%
  62  NR_111683.1_Mucor_ellipsoideus|F|ITS1               93.22%    failed      0.00%
  63  NR_145287.1_Mucor_odoratus|F|ITS1                   92.62%    failed      1.94%
  64  NR_077173.1_Mucor_indicus|F|ITS1                    93.15%    failed      0.68%
  65  NR_126127.1_Mucor_lusitanicus|F|ITS1                92.38%    passed      5.68%
  66  NR_152951.1_Mucor_variisporus|F|ITS1                93.22%    failed      0.01%
  67  NR_103631.1_Mucor_strictus|F|ITS1                   92.21%    passed      9.11%
  68  NR_103638.1_Mucor_zonatus|F|ITS1                    92.68%    failed      0.73%
  69  NR_145290.1_Backusella_indica|F|ITS1                90.20%    failed      0.33%
  70  NR_103688.1_Mucor_mucedo|F|ITS1                     92.32%    failed      0.46%
  71  NR_169896.1_Mucor_pseudocircinelloides|F|ITS1       92.85%    failed      1.51%
  72  NR_169897.1_Mucor_amethystinus|F|ITS1               92.65%    failed      1.56%
  73  NR_164587.1_Mucor_orantomantidis|F|ITS1             93.49%    passed     50.70%
  74  NR_111413.1_Lichtheimia_corymbifera|F|ITS1          91.07%    passed     32.94%
  75  NR_111663.1_Thermomucor_indicae-seudaticae|F|ITS1   88.72%    failed      0.02%
  76  NR_103632.1_Mucor_genevensis|F|ITS1                 92.18%    failed      0.50%
  77  NR_152978.1_Mucor_lilianae|F|ITS1                   92.95%    failed      0.35%
  78  NR_111438.1_Lichtheimia_ramosa|F|ITS1               88.26%    passed     68.43%
  79  NR_172288.1_Mucor_irregularis|F|ITS1                93.02%    failed      1.00%
  80  NR_182577.1_Mucor_grylli|F|ITS1                     92.38%    failed      0.00%
  81  NR_111659.1_Mucor_moelleri|F|ITS1                   92.62%    failed      3.51%
  82  NR_145295.1_Mucor_durus|F|ITS1                      93.19%    failed      2.63%
  83  NR_182578.1_Mucor_hyangburmii|F|ITS1                92.89%    passed     14.54%
  84  NR_152956.1_Mucor_lanceolatus|F|ITS1                92.99%    failed      1.30%
  85  UHM55|F|ITS1                                        93.02%    failed      0.88%
  86  UHM47|F|ITS1                                        68.52%    failed      0.53%
  87  NR_103635.1_Mucor_saturninus|F|ITS1                 91.54%    failed      0.00%
  88  NR_145283.1_Mucor_brunneogriseus|F|ITS1             93.02%    failed      0.15%
  89  NR_103648.1_Backusella_grandis|F|ITS1               89.26%    failed      1.17%
WARNING: 89 sequences contain more than 50% gaps/ambiguity
****  TOTAL                                               90.95%  65 sequences failed composition chi2 test (p-value<5%; df=3)
NOTE: UHM43|F|ITS1 is identical to UHM45|F|ITS1 but kept for subsequent analysis
NOTE: NR_111659.1_Mucor_moelleri|F|ITS1 is identical to NR_152959.1_Mucor_moelleri|F|ITS1 but kept for subsequent analysis
Checking for duplicate sequences: done in 0.000221968 secs using 329.3% CPU

NOTE: Restoring information from model checkpoint file UHM_mucor.ITS1.fasaln.model.gz

CHECKPOINT: Initial tree restored
Measuring multi-threading efficiency up to 4 CPU cores
Increase to 10 rounds for branch lengths
70 trees examined
Threads: 1 / Time: 4.030 sec / Speedup: 1.000 / Efficiency: 100% / LogL: -17232
Threads: 2 / Time: 2.953 sec / Speedup: 1.365 / Efficiency: 68% / LogL: -17232
Threads: 3 / Time: 2.761 sec / Speedup: 1.460 / Efficiency: 49% / LogL: -17232
Determining AUTO threadcount: done in 9.74468 secs using 192.4% CPU
BEST NUMBER OF THREADS: 2

Perform fast likelihood tree search using GTR+I+G model...
CHECKPOINT: Tree restored, LogL: -14128.040
NOTE: ModelFinder requires 19 MB RAM!
ModelFinder will test up to 484 DNA models (sample size: 2980) ...
 No. Model         -LnL         df  AIC          AICc         BIC
  1  GTR+F         14607.106    183 29580.213    29604.298    30678.154
  2  GTR+F+I       14594.974    184 29557.947    29582.305    30661.888
  3  GTR+F+G4      14119.828    184 28607.655    28632.013    29711.596
  4  GTR+F+I+G4    14120.703    185 28611.406    28636.037    29721.346
  5  GTR+F+R2      14163.762    185 28697.525    28722.156    29807.465
  6  GTR+F+R3      14124.838    187 28623.675    28648.859    29745.615
  7  GTR+F+R4      14107.836    189 28593.672    28619.414    29727.612
  8  GTR+F+R5      14106.717    191 28595.434    28621.741    29741.372
 14  GTR+F+I+R2    14162.345    186 28696.689    28721.596    29812.630
 15  GTR+F+I+R3    14123.535    188 28623.071    28648.532    29751.010
 16  GTR+F+I+R4    14109.385    190 28598.769    28624.793    29738.708
 17  GTR+F+I+R5    14107.405    192 28598.810    28625.402    29750.748
 25  SYM+G4        14200.876    181 28763.752    28787.299    29849.694
 26  SYM+I+G4      14201.905    182 28767.809    28791.625    29859.751
 47  TVM+F+G4      14121.784    183 28609.568    28633.654    29707.509
 48  TVM+F+I+G4    14122.619    184 28613.239    28637.597    29717.180
 69  TVMe+G4       14201.872    180 28763.744    28787.024    29843.686
 70  TVMe+I+G4     14202.923    181 28767.846    28791.393    29853.788
 91  TIM3+F+G4     14141.568    182 28647.137    28670.953    29739.079
 92  TIM3+F+I+G4   14142.306    183 28650.611    28674.697    29748.552
113  TIM3e+G4      14251.095    179 28860.189    28883.204    29934.132
114  TIM3e+I+G4    14252.050    180 28864.100    28887.379    29944.042
135  TIM2+F+G4     14139.325    182 28642.651    28666.466    29734.592
136  TIM2+F+I+G4   14140.235    183 28646.469    28670.555    29744.410
157  TIM2e+G4      14248.257    179 28854.514    28877.528    29928.456
158  TIM2e+I+G4    14249.323    180 28858.646    28881.926    29938.588
179  TIM+F+G4      14128.023    182 28620.047    28643.862    29711.988
180  TIM+F+I+G4    14128.857    183 28623.713    28647.799    29721.655
201  TIMe+G4       14247.317    179 28852.634    28875.649    29926.577
202  TIMe+I+G4     14248.215    180 28856.430    28879.709    29936.372
223  TPM3u+F+G4    14143.611    181 28649.223    28672.770    29735.165
224  TPM3u+F+I+G4  14144.267    182 28652.534    28676.349    29744.475
245  TPM3+G4       14252.707    178 28861.415    28884.165    29929.357
246  TPM3+I+G4     14253.655    179 28865.311    28888.325    29939.253
267  TPM2u+F+G4    14140.895    181 28643.791    28667.338    29729.733
268  TPM2u+F+I+G4  14141.763    182 28647.525    28671.341    29739.467
289  TPM2+G4       14248.570    178 28853.141    28875.891    29921.084
290  TPM2+I+G4     14249.643    179 28857.287    28880.301    29931.229
311  K3Pu+F+G4     14129.977    181 28621.955    28645.501    29707.896
312  K3Pu+F+I+G4   14130.737    182 28625.475    28649.291    29717.417
333  K3P+G4        14248.274    178 28852.548    28875.298    29920.491
334  K3P+I+G4      14249.159    179 28856.318    28879.332    29930.260
355  TN+F+G4       14150.643    181 28663.287    28686.834    29749.229
356  TN+F+I+G4     14151.336    182 28666.672    28690.488    29758.614
377  TNe+G4        14285.739    178 28927.478    28950.229    29995.421
378  TNe+I+G4      14286.544    179 28931.088    28954.102    30005.030
399  HKY+F+G4      14152.484    180 28664.968    28688.247    29744.910
400  HKY+F+I+G4    14153.096    181 28668.191    28691.738    29754.133
421  K2P+G4        14286.547    177 28927.093    28949.581    29989.036
422  K2P+I+G4      14287.370    178 28930.740    28953.490    29998.683
443  F81+F+G4      14236.729    179 28831.458    28854.472    29905.400
444  F81+F+I+G4    14237.349    180 28834.697    28857.977    29914.640
465  JC+G4         14352.221    176 29056.442    29078.670    30112.385
466  JC+I+G4       14353.027    177 29060.054    29082.542    30121.997
Akaike Information Criterion:           GTR+F+R4
Corrected Akaike Information Criterion: GTR+F+R4
Bayesian Information Criterion:         TVM+F+G4
Best-fit model: TVM+F+G4 chosen according to BIC

All model information printed to UHM_mucor.ITS1.fasaln.model.gz
CPU time for ModelFinder: 19.087 seconds (0h:0m:19s)
Wall-clock time for ModelFinder: 9.899 seconds (0h:0m:9s)
Generating 1000 samples for ultrafast bootstrap (seed: 179085)...

NOTE: 9 MB RAM (0 GB) is required!
CHECKPOINT: Model parameters restored, LogL: -14121.763
Wrote distance file to... 
Computing ML distances based on estimated model parameters...
Calculating distance matrix: done in 0.020812 secs using 200.2% CPU
Computing ML distances took 0.020977 sec (of wall-clock time) 0.041862 sec (of CPU time)
WARNING: Some pairwise ML distances are too long (saturated)
Setting up auxiliary I and S matrices: done in 0.000133991 secs using 244% CPU
Constructing RapidNJ tree: done in 0.000649929 secs using 140.3% CPU
Computing RapidNJ tree took 0.000819 sec (of wall-clock time) 0.001926 sec (of CPU time)
Log-likelihood of RapidNJ tree: -14165.473
--------------------------------------------------------------------
|             INITIALIZING CANDIDATE TREE SET                      |
--------------------------------------------------------------------
Generating 98 parsimony trees... 0.745 second
Computing log-likelihood of 98 initial trees ... 0.629 seconds
Current best score: -14121.763

Do NNI search on 20 best initial trees
Optimizing NNI: done in 0.044009 secs using 199.4% CPU
Estimate model parameters (epsilon = 0.100)
BETTER TREE FOUND at iteration 1: -14121.561
Optimizing NNI: done in 0.176143 secs using 199.5% CPU
Estimate model parameters (epsilon = 0.100)
BETTER TREE FOUND at iteration 2: -14120.807
Optimizing NNI: done in 0.254435 secs using 198.8% CPU
Estimate model parameters (epsilon = 0.100)
BETTER TREE FOUND at iteration 3: -14095.091
Optimizing NNI: done in 0.236828 secs using 199.2% CPU
Optimizing NNI: done in 0.2625 secs using 199.7% CPU
Optimizing NNI: done in 0.298288 secs using 199.9% CPU
Optimizing NNI: done in 0.286899 secs using 198.5% CPU
Optimizing NNI: done in 0.233711 secs using 199.7% CPU
Optimizing NNI: done in 0.304596 secs using 198.6% CPU
Optimizing NNI: done in 0.297358 secs using 198.6% CPU
Estimate model parameters (epsilon = 0.100)
BETTER TREE FOUND at iteration 10: -14094.040
Iteration 10 / LogL: -14094.040 / Time: 0h:0m:4s
Optimizing NNI: done in 0.241389 secs using 198.8% CPU
Optimizing NNI: done in 0.248697 secs using 199.7% CPU
Optimizing NNI: done in 0.26569 secs using 198.9% CPU
Optimizing NNI: done in 0.268876 secs using 199.6% CPU
Optimizing NNI: done in 0.217148 secs using 199.6% CPU
Optimizing NNI: done in 0.268776 secs using 199.2% CPU
Optimizing NNI: done in 0.282079 secs using 198.5% CPU
Estimate model parameters (epsilon = 0.100)
BETTER TREE FOUND at iteration 17: -14091.106
Optimizing NNI: done in 0.220893 secs using 199.6% CPU
Optimizing NNI: done in 0.213456 secs using 198.7% CPU
Optimizing NNI: done in 0.285371 secs using 199.2% CPU
Iteration 20 / LogL: -14091.623 / Time: 0h:0m:6s
Finish initializing candidate tree set (20)
Current best tree score: -14091.106 / CPU time: 6.453
Number of iterations: 20
--------------------------------------------------------------------
|               OPTIMIZING CANDIDATE TREE SET                      |
--------------------------------------------------------------------
Optimizing NNI: done in 0.177118 secs using 199.1% CPU
Estimate model parameters (epsilon = 0.100)
BETTER TREE FOUND at iteration 21: -14079.457
Optimizing NNI: done in 0.186194 secs using 198.2% CPU
Optimizing NNI: done in 0.168103 secs using 199.5% CPU
Optimizing NNI: done in 0.150015 secs using 198.9% CPU
Optimizing NNI: done in 0.189835 secs using 199.2% CPU
Optimizing NNI: done in 0.164814 secs using 199.5% CPU
Optimizing NNI: done in 0.199842 secs using 199.7% CPU
Optimizing NNI: done in 0.145821 secs using 199.7% CPU
Optimizing NNI: done in 0.149294 secs using 199% CPU
Optimizing NNI: done in 0.20905 secs using 198.5% CPU
Iteration 30 / LogL: -14090.122 / Time: 0h:0m:8s (0h:0m:26s left)
Optimizing NNI: done in 0.168864 secs using 199.1% CPU
Optimizing NNI: done in 0.226276 secs using 199.8% CPU
Optimizing NNI: done in 0.204676 secs using 199.9% CPU
Optimizing NNI: done in 0.165141 secs using 199.6% CPU
Optimizing NNI: done in 0.134166 secs using 199.5% CPU
Optimizing NNI: done in 0.222193 secs using 199.9% CPU
Optimizing NNI: done in 0.187824 secs using 198.3% CPU
Optimizing NNI: done in 0.215834 secs using 199.9% CPU
Optimizing NNI: done in 0.19072 secs using 198% CPU
Optimizing NNI: done in 0.204055 secs using 199.9% CPU
Iteration 40 / LogL: -14080.537 / Time: 0h:0m:10s (0h:0m:21s left)
Optimizing NNI: done in 0.144821 secs using 200.1% CPU
Optimizing NNI: done in 0.189067 secs using 197.6% CPU
Optimizing NNI: done in 0.165676 secs using 199.7% CPU
Optimizing NNI: done in 0.155554 secs using 199.2% CPU
Optimizing NNI: done in 0.244812 secs using 196.8% CPU
Optimizing NNI: done in 0.18854 secs using 199.4% CPU
Optimizing NNI: done in 0.201159 secs using 199.6% CPU
Estimate model parameters (epsilon = 0.100)
BETTER TREE FOUND at iteration 47: -14078.557
Optimizing NNI: done in 0.197868 secs using 199.8% CPU
Optimizing NNI: done in 0.149098 secs using 198.9% CPU
Optimizing NNI: done in 0.180451 secs using 197.6% CPU
Iteration 50 / LogL: -14083.376 / Time: 0h:0m:12s (0h:0m:24s left)
Log-likelihood cutoff on original alignment: -14133.784
Optimizing NNI: done in 0.115632 secs using 199.7% CPU
Optimizing NNI: done in 0.186778 secs using 199.5% CPU
Optimizing NNI: done in 0.159214 secs using 199.7% CPU
Estimate model parameters (epsilon = 0.100)
BETTER TREE FOUND at iteration 53: -14077.598
Optimizing NNI: done in 0.169255 secs using 198.5% CPU
Optimizing NNI: done in 0.121709 secs using 200.2% CPU
Estimate model parameters (epsilon = 0.100)
BETTER TREE FOUND at iteration 55: -14076.355
Optimizing NNI: done in 0.189122 secs using 199.7% CPU
Optimizing NNI: done in 0.163416 secs using 199.8% CPU
Optimizing NNI: done in 0.127561 secs using 199.5% CPU
Optimizing NNI: done in 0.181733 secs using 199.5% CPU
Estimate model parameters (epsilon = 0.100)
BETTER TREE FOUND at iteration 59: -14074.911
Optimizing NNI: done in 0.137541 secs using 199.9% CPU
Iteration 60 / LogL: -14078.201 / Time: 0h:0m:14s (0h:0m:23s left)
Optimizing NNI: done in 0.205265 secs using 198.2% CPU
Optimizing NNI: done in 0.204158 secs using 199.2% CPU
Optimizing NNI: done in 0.14947 secs using 200.1% CPU
Optimizing NNI: done in 0.193001 secs using 199.6% CPU
Optimizing NNI: done in 0.189052 secs using 199.1% CPU
Optimizing NNI: done in 0.172899 secs using 198.7% CPU
Optimizing NNI: done in 0.157232 secs using 198.8% CPU
Optimizing NNI: done in 0.182323 secs using 199.6% CPU
Optimizing NNI: done in 0.129942 secs using 198.8% CPU
Optimizing NNI: done in 0.171277 secs using 196.4% CPU
Iteration 70 / LogL: -14074.950 / Time: 0h:0m:15s (0h:0m:20s left)
Optimizing NNI: done in 0.209369 secs using 198.5% CPU
Optimizing NNI: done in 0.165871 secs using 200.1% CPU
Optimizing NNI: done in 0.163289 secs using 199.9% CPU
Estimate model parameters (epsilon = 0.100)
BETTER TREE FOUND at iteration 73: -14074.857
Optimizing NNI: done in 0.143704 secs using 198.3% CPU
Optimizing NNI: done in 0.131745 secs using 200.1% CPU
Optimizing NNI: done in 0.152043 secs using 199.7% CPU
Optimizing NNI: done in 0.233323 secs using 199.1% CPU
Optimizing NNI: done in 0.163016 secs using 200.1% CPU
Optimizing NNI: done in 0.193999 secs using 199.9% CPU
Optimizing NNI: done in 0.156812 secs using 198.4% CPU
Iteration 80 / LogL: -14088.212 / Time: 0h:0m:17s (0h:0m:20s left)
Optimizing NNI: done in 0.139428 secs using 199.8% CPU
Optimizing NNI: done in 0.146623 secs using 199.8% CPU
Optimizing NNI: done in 0.151727 secs using 199.6% CPU
Optimizing NNI: done in 0.172231 secs using 199.7% CPU
Optimizing NNI: done in 0.178857 secs using 199.6% CPU
Optimizing NNI: done in 0.168699 secs using 198.1% CPU
Optimizing NNI: done in 0.133353 secs using 198.5% CPU
Optimizing NNI: done in 0.136673 secs using 199.4% CPU
Optimizing NNI: done in 0.168182 secs using 198.9% CPU
Optimizing NNI: done in 0.149795 secs using 199.7% CPU
Iteration 90 / LogL: -14099.127 / Time: 0h:0m:19s (0h:0m:18s left)
Optimizing NNI: done in 0.188344 secs using 199.2% CPU
Optimizing NNI: done in 0.171985 secs using 199.7% CPU
Optimizing NNI: done in 0.167858 secs using 199.4% CPU
Optimizing NNI: done in 0.125668 secs using 199% CPU
Optimizing NNI: done in 0.134413 secs using 199.3% CPU
Optimizing NNI: done in 0.138497 secs using 199.9% CPU
Optimizing NNI: done in 0.179171 secs using 199.3% CPU
Optimizing NNI: done in 0.14869 secs using 198.3% CPU
Optimizing NNI: done in 0.200493 secs using 199.4% CPU
Estimate model parameters (epsilon = 0.100)
BETTER TREE FOUND at iteration 99: -14074.451
Optimizing NNI: done in 0.167771 secs using 197.9% CPU
Iteration 100 / LogL: -14078.583 / Time: 0h:0m:21s (0h:0m:21s left)
Log-likelihood cutoff on original alignment: -14133.784
NOTE: Bootstrap correlation coefficient of split occurrence frequencies: 0.976
NOTE: UFBoot does not converge, continue at least 100 more iterations
Optimizing NNI: done in 0.166414 secs using 199.7% CPU
Optimizing NNI: done in 0.191754 secs using 199.1% CPU
Optimizing NNI: done in 0.162255 secs using 198.9% CPU
Optimizing NNI: done in 0.183006 secs using 199.5% CPU
Optimizing NNI: done in 0.181135 secs using 200% CPU
Optimizing NNI: done in 0.176635 secs using 199.2% CPU
Optimizing NNI: done in 0.220418 secs using 198.7% CPU
Optimizing NNI: done in 0.182342 secs using 199.1% CPU
Optimizing NNI: done in 0.204563 secs using 199.6% CPU
Optimizing NNI: done in 0.147252 secs using 198.7% CPU
Iteration 110 / LogL: -14075.440 / Time: 0h:0m:23s (0h:0m:19s left)
Optimizing NNI: done in 0.173707 secs using 200% CPU
Optimizing NNI: done in 0.180061 secs using 199.7% CPU
Optimizing NNI: done in 0.134037 secs using 196.8% CPU
Optimizing NNI: done in 0.210899 secs using 199.2% CPU
Estimate model parameters (epsilon = 0.100)
BETTER TREE FOUND at iteration 114: -14073.297
Optimizing NNI: done in 0.206864 secs using 199.4% CPU
Optimizing NNI: done in 0.125981 secs using 199.6% CPU
Optimizing NNI: done in 0.15597 secs using 199.6% CPU
Estimate model parameters (epsilon = 0.100)
BETTER TREE FOUND at iteration 117: -14072.838
Optimizing NNI: done in 0.229475 secs using 199.8% CPU
Optimizing NNI: done in 0.182538 secs using 199.8% CPU
Optimizing NNI: done in 0.139031 secs using 199.9% CPU
Iteration 120 / LogL: -14078.026 / Time: 0h:0m:24s (0h:0m:20s left)
Optimizing NNI: done in 0.153021 secs using 198.9% CPU
Optimizing NNI: done in 0.173759 secs using 199.8% CPU
Optimizing NNI: done in 0.200271 secs using 199.8% CPU
Optimizing NNI: done in 0.170751 secs using 198.1% CPU
Optimizing NNI: done in 0.150624 secs using 200% CPU
Optimizing NNI: done in 0.195329 secs using 199.3% CPU
Optimizing NNI: done in 0.179195 secs using 198.9% CPU
Optimizing NNI: done in 0.144026 secs using 199.4% CPU
Optimizing NNI: done in 0.210673 secs using 197.6% CPU
Optimizing NNI: done in 0.155693 secs using 195.9% CPU
Iteration 130 / LogL: -14080.085 / Time: 0h:0m:26s (0h:0m:18s left)
Optimizing NNI: done in 0.261863 secs using 199.5% CPU
Optimizing NNI: done in 0.16192 secs using 198.1% CPU
Optimizing NNI: done in 0.233238 secs using 199.3% CPU
Optimizing NNI: done in 0.235917 secs using 198% CPU
Optimizing NNI: done in 0.184892 secs using 197.8% CPU
Optimizing NNI: done in 0.280539 secs using 199.7% CPU
Optimizing NNI: done in 0.213502 secs using 199.5% CPU
Optimizing NNI: done in 0.155948 secs using 198.2% CPU
Optimizing NNI: done in 0.1957 secs using 199.7% CPU
Optimizing NNI: done in 0.219382 secs using 199.8% CPU
Iteration 140 / LogL: -14074.663 / Time: 0h:0m:28s (0h:0m:16s left)
Optimizing NNI: done in 0.17973 secs using 199.5% CPU
Optimizing NNI: done in 0.171469 secs using 199.6% CPU
Optimizing NNI: done in 0.241942 secs using 198.8% CPU
Optimizing NNI: done in 0.155871 secs using 199.5% CPU
Optimizing NNI: done in 0.175911 secs using 199.8% CPU
Optimizing NNI: done in 0.197831 secs using 199.6% CPU
Optimizing NNI: done in 0.188036 secs using 199.2% CPU
Optimizing NNI: done in 0.175065 secs using 199% CPU
Optimizing NNI: done in 0.166377 secs using 199.2% CPU
Optimizing NNI: done in 0.145549 secs using 199.4% CPU
Iteration 150 / LogL: -14100.566 / Time: 0h:0m:30s (0h:0m:13s left)
Log-likelihood cutoff on original alignment: -14133.784
Optimizing NNI: done in 0.217295 secs using 198.1% CPU
Optimizing NNI: done in 0.284388 secs using 199.3% CPU
Optimizing NNI: done in 0.155997 secs using 198.7% CPU
Optimizing NNI: done in 0.150749 secs using 199.6% CPU
Optimizing NNI: done in 0.195436 secs using 199.1% CPU
Estimate model parameters (epsilon = 0.100)
BETTER TREE FOUND at iteration 155: -14072.669
Optimizing NNI: done in 0.222782 secs using 199.1% CPU
Optimizing NNI: done in 0.167336 secs using 200% CPU
Optimizing NNI: done in 0.190164 secs using 199.6% CPU
Optimizing NNI: done in 0.189196 secs using 199.6% CPU
Optimizing NNI: done in 0.176859 secs using 199.6% CPU
Iteration 160 / LogL: -14089.032 / Time: 0h:0m:33s (0h:0m:19s left)
Optimizing NNI: done in 0.185679 secs using 199.7% CPU
Estimate model parameters (epsilon = 0.100)
BETTER TREE FOUND at iteration 161: -14072.567
Optimizing NNI: done in 0.173148 secs using 199% CPU
Optimizing NNI: done in 0.181559 secs using 198.7% CPU
Optimizing NNI: done in 0.166095 secs using 198.8% CPU
Optimizing NNI: done in 0.127346 secs using 199.5% CPU
Optimizing NNI: done in 0.248507 secs using 199.2% CPU
Optimizing NNI: done in 0.143442 secs using 200.1% CPU
Optimizing NNI: done in 0.190503 secs using 200% CPU
Optimizing NNI: done in 0.215719 secs using 199.9% CPU
Optimizing NNI: done in 0.1558 secs using 199.7% CPU
Iteration 170 / LogL: -14080.200 / Time: 0h:0m:34s (0h:0m:18s left)
Optimizing NNI: done in 0.139005 secs using 199.5% CPU
Optimizing NNI: done in 0.196218 secs using 200% CPU
Optimizing NNI: done in 0.2245 secs using 199% CPU
Optimizing NNI: done in 0.225748 secs using 199% CPU
Optimizing NNI: done in 0.165404 secs using 199.6% CPU
Optimizing NNI: done in 0.127312 secs using 200.1% CPU
Optimizing NNI: done in 0.227202 secs using 199.3% CPU
Optimizing NNI: done in 0.12077 secs using 199.6% CPU
Optimizing NNI: done in 0.160012 secs using 199.6% CPU
Optimizing NNI: done in 0.184115 secs using 198.6% CPU
Iteration 180 / LogL: -14087.161 / Time: 0h:0m:36s (0h:0m:16s left)
Optimizing NNI: done in 0.174057 secs using 200% CPU
Optimizing NNI: done in 0.150697 secs using 199.8% CPU
Optimizing NNI: done in 0.160247 secs using 198.7% CPU
Optimizing NNI: done in 0.208203 secs using 199.6% CPU
Optimizing NNI: done in 0.22321 secs using 198.5% CPU
Optimizing NNI: done in 0.195551 secs using 198.2% CPU
Optimizing NNI: done in 0.187077 secs using 199.5% CPU
Optimizing NNI: done in 0.174581 secs using 198.9% CPU
Optimizing NNI: done in 0.278947 secs using 198.6% CPU
Optimizing NNI: done in 0.209941 secs using 198.7% CPU
Iteration 190 / LogL: -14074.971 / Time: 0h:0m:38s (0h:0m:14s left)
Optimizing NNI: done in 0.110546 secs using 198.7% CPU
Optimizing NNI: done in 0.21931 secs using 199% CPU
Optimizing NNI: done in 0.181585 secs using 199.2% CPU
Optimizing NNI: done in 0.196375 secs using 199.7% CPU
Optimizing NNI: done in 0.192053 secs using 198.9% CPU
Optimizing NNI: done in 0.210535 secs using 198.6% CPU
Optimizing NNI: done in 0.172837 secs using 199.5% CPU
Optimizing NNI: done in 0.192892 secs using 199.9% CPU
Optimizing NNI: done in 0.18759 secs using 199.6% CPU
Optimizing NNI: done in 0.195694 secs using 199.1% CPU
Iteration 200 / LogL: -14072.578 / Time: 0h:0m:40s (0h:0m:12s left)
Log-likelihood cutoff on original alignment: -14133.784
NOTE: Bootstrap correlation coefficient of split occurrence frequencies: 0.988
NOTE: UFBoot does not converge, continue at least 100 more iterations
Optimizing NNI: done in 0.204114 secs using 198.5% CPU
Optimizing NNI: done in 0.157414 secs using 199.3% CPU
Optimizing NNI: done in 0.207202 secs using 199% CPU
Optimizing NNI: done in 0.244672 secs using 199.7% CPU
Optimizing NNI: done in 0.160445 secs using 198.9% CPU
Optimizing NNI: done in 0.173543 secs using 198.9% CPU
Optimizing NNI: done in 0.19645 secs using 199.7% CPU
Optimizing NNI: done in 0.173719 secs using 198% CPU
Optimizing NNI: done in 0.172934 secs using 199.2% CPU
Optimizing NNI: done in 0.158913 secs using 199.6% CPU
Iteration 210 / LogL: -14072.575 / Time: 0h:0m:42s (0h:0m:18s left)
Optimizing NNI: done in 0.225176 secs using 196.4% CPU
Optimizing NNI: done in 0.164154 secs using 199.8% CPU
Optimizing NNI: done in 0.194241 secs using 198.3% CPU
Optimizing NNI: done in 0.159543 secs using 199.2% CPU
Optimizing NNI: done in 0.1117 secs using 199.7% CPU
Optimizing NNI: done in 0.197156 secs using 197.7% CPU
Optimizing NNI: done in 0.1801 secs using 199.6% CPU
Optimizing NNI: done in 0.163751 secs using 199.5% CPU
Optimizing NNI: done in 0.200289 secs using 197.6% CPU
Optimizing NNI: done in 0.210388 secs using 198.8% CPU
Iteration 220 / LogL: -14073.268 / Time: 0h:0m:44s (0h:0m:16s left)
Optimizing NNI: done in 0.172165 secs using 198.4% CPU
Optimizing NNI: done in 0.176179 secs using 199.2% CPU
Optimizing NNI: done in 0.165712 secs using 199% CPU
Optimizing NNI: done in 0.173473 secs using 199% CPU
Optimizing NNI: done in 0.183442 secs using 199.6% CPU
Optimizing NNI: done in 0.177487 secs using 199.1% CPU
Optimizing NNI: done in 0.175488 secs using 197.7% CPU
Optimizing NNI: done in 0.15822 secs using 199.6% CPU
Optimizing NNI: done in 0.179712 secs using 199.8% CPU
Optimizing NNI: done in 0.174467 secs using 198.7% CPU
Iteration 230 / LogL: -14073.219 / Time: 0h:0m:46s (0h:0m:14s left)
Optimizing NNI: done in 0.191042 secs using 199% CPU
Optimizing NNI: done in 0.233716 secs using 199.4% CPU
Optimizing NNI: done in 0.197135 secs using 199.7% CPU
Optimizing NNI: done in 0.181427 secs using 199.5% CPU
Optimizing NNI: done in 0.169733 secs using 199.6% CPU
Optimizing NNI: done in 0.20524 secs using 198.7% CPU
Optimizing NNI: done in 0.233268 secs using 195.1% CPU
Optimizing NNI: done in 0.259423 secs using 186.4% CPU
Optimizing NNI: done in 0.280577 secs using 189.2% CPU
Optimizing NNI: done in 0.429421 secs using 138.7% CPU
Iteration 240 / LogL: -14083.124 / Time: 0h:0m:49s (0h:0m:12s left)
Optimizing NNI: done in 0.39522 secs using 143.2% CPU
Optimizing NNI: done in 0.433661 secs using 111% CPU
Optimizing NNI: done in 0.616641 secs using 127.1% CPU
Optimizing NNI: done in 0.805473 secs using 103.7% CPU
Optimizing NNI: done in 0.64982 secs using 123% CPU
Optimizing NNI: done in 0.907373 secs using 100.2% CPU
Optimizing NNI: done in 0.762083 secs using 132.2% CPU
Optimizing NNI: done in 0.744725 secs using 110.1% CPU
Optimizing NNI: done in 1.0654 secs using 108.6% CPU
Optimizing NNI: done in 0.744954 secs using 114.3% CPU
Iteration 250 / LogL: -14077.828 / Time: 0h:0m:56s (0h:0m:11s left)
Log-likelihood cutoff on original alignment: -14133.784
Optimizing NNI: done in 0.525164 secs using 138.5% CPU
Optimizing NNI: done in 0.877831 secs using 107.9% CPU
Optimizing NNI: done in 0.682152 secs using 118.3% CPU
Optimizing NNI: done in 0.709758 secs using 110.4% CPU
Optimizing NNI: done in 0.484961 secs using 121.5% CPU
Optimizing NNI: done in 0.226252 secs using 184.6% CPU
Optimizing NNI: done in 0.13811 secs using 199.5% CPU
Optimizing NNI: done in 0.158754 secs using 199.1% CPU
Optimizing NNI: done in 0.202813 secs using 199.7% CPU
Optimizing NNI: done in 0.173053 secs using 199.7% CPU
Iteration 260 / LogL: -14080.844 / Time: 0h:1m:1s (0h:0m:9s left)
Optimizing NNI: done in 0.19798 secs using 199% CPU
Optimizing NNI: done in 0.148645 secs using 199.9% CPU
Optimizing NNI: done in 0.201142 secs using 199.6% CPU
Optimizing NNI: done in 0.398675 secs using 146.8% CPU
Optimizing NNI: done in 0.727109 secs using 123.2% CPU
Optimizing NNI: done in 0.511551 secs using 140.4% CPU
Optimizing NNI: done in 0.450373 secs using 157.8% CPU
Optimizing NNI: done in 0.672268 secs using 122.1% CPU
Optimizing NNI: done in 0.603219 secs using 125.7% CPU
Optimizing NNI: done in 0.594824 secs using 115.3% CPU
Iteration 270 / LogL: -14081.873 / Time: 0h:1m:6s (0h:0m:7s left)
Optimizing NNI: done in 0.573124 secs using 146.7% CPU
Optimizing NNI: done in 0.533427 secs using 153.6% CPU
Optimizing NNI: done in 0.735489 secs using 133.7% CPU
Optimizing NNI: done in 0.296613 secs using 187.6% CPU
Optimizing NNI: done in 0.388825 secs using 137.7% CPU
Optimizing NNI: done in 0.72643 secs using 126.6% CPU
Optimizing NNI: done in 0.438012 secs using 170.5% CPU
Optimizing NNI: done in 0.20573 secs using 199% CPU
Optimizing NNI: done in 0.289984 secs using 172.8% CPU
Optimizing NNI: done in 0.367839 secs using 157.1% CPU
Iteration 280 / LogL: -14072.885 / Time: 0h:1m:11s (0h:0m:5s left)
Optimizing NNI: done in 0.477973 secs using 136% CPU
Optimizing NNI: done in 0.410028 secs using 150.4% CPU
Optimizing NNI: done in 0.565927 secs using 128.9% CPU
UPDATE BEST LOG-LIKELIHOOD: -14072.566
Optimizing NNI: done in 0.782732 secs using 129.8% CPU
Optimizing NNI: done in 0.45391 secs using 141.6% CPU
Optimizing NNI: done in 0.39861 secs using 154.5% CPU
Optimizing NNI: done in 0.420958 secs using 156.6% CPU
Optimizing NNI: done in 0.616328 secs using 159.6% CPU
Optimizing NNI: done in 0.601683 secs using 133.3% CPU
Optimizing NNI: done in 0.489201 secs using 152.1% CPU
Iteration 290 / LogL: -14096.155 / Time: 0h:1m:16s (0h:0m:2s left)
Optimizing NNI: done in 0.584199 secs using 151.9% CPU
Optimizing NNI: done in 0.462934 secs using 166.8% CPU
Optimizing NNI: done in 0.438032 secs using 143% CPU
Optimizing NNI: done in 0.396444 secs using 171% CPU
Optimizing NNI: done in 0.725327 secs using 126.7% CPU
Optimizing NNI: done in 0.366076 secs using 123.3% CPU
Optimizing NNI: done in 0.518302 secs using 135.4% CPU
Optimizing NNI: done in 0.40036 secs using 145% CPU
Optimizing NNI: done in 0.604408 secs using 111.2% CPU
Optimizing NNI: done in 0.468111 secs using 131.6% CPU
Iteration 300 / LogL: -14076.291 / Time: 0h:1m:22s (0h:0m:0s left)
Log-likelihood cutoff on original alignment: -14133.784
NOTE: Bootstrap correlation coefficient of split occurrence frequencies: 0.994
TREE SEARCH COMPLETED AFTER 300 ITERATIONS / Time: 0h:1m:22s

--------------------------------------------------------------------
|                    FINALIZING TREE SEARCH                        |
--------------------------------------------------------------------
Performs final model parameters optimization
Estimate model parameters (epsilon = 0.010)
1. Initial log-likelihood: -14072.566
Optimal log-likelihood: -14072.566
Rate parameters:  A-C: 1.02946  A-G: 2.94038  A-T: 2.14410  C-G: 1.22255  C-T: 2.94038  G-T: 1.00000
Base frequencies:  A: 0.284  C: 0.202  G: 0.210  T: 0.304
Gamma shape alpha: 0.839
Parameters optimization took 1 rounds (0.039 sec)
BEST SCORE FOUND : -14072.566

Testing tree branches by SH-like aLRT with 1000 replicates...
4.575 sec.
Creating bootstrap support values...
Split supports printed to NEXUS file UHM_mucor.ITS1.fasaln.splits.nex
Total tree length: 36.375

Total number of iterations: 300
CPU time used for tree search: 141.520 sec (0h:2m:21s)
Wall-clock time used for tree search: 82.426 sec (0h:1m:22s)
Total CPU time used: 147.801 sec (0h:2m:27s)
Total wall-clock time used: 87.416 sec (0h:1m:27s)

Computing bootstrap consensus tree...
Reading input file UHM_mucor.ITS1.fasaln.splits.nex...
89 taxa and 1118 splits.
Consensus tree written to UHM_mucor.ITS1.fasaln.contree
Reading input trees file UHM_mucor.ITS1.fasaln.contree
Log-likelihood of consensus tree: -14073.733

Analysis results written to: 
  IQ-TREE report:                UHM_mucor.ITS1.fasaln.iqtree
  Maximum-likelihood tree:       UHM_mucor.ITS1.fasaln.treefile
  Likelihood distances:          UHM_mucor.ITS1.fasaln.mldist

Ultrafast bootstrap approximation results written to:
  Split support values:          UHM_mucor.ITS1.fasaln.splits.nex
  Consensus tree:                UHM_mucor.ITS1.fasaln.contree
  Screen log file:               UHM_mucor.ITS1.fasaln.log

Date and Time: Sun Oct 15 20:44:27 2023
